platforms/android/com.phonegap.plugins.facebookconnect/geotrail-FacebookLib/build/outputs/logs/manifest-merger-debug-report.txt
-- Merging decision tree log ---
manifest
ADDED from com.phonegap.plugins.facebookconnect\geotrail-FacebookLib\AndroidManifest.xml:18:1-21:12
INJECTED from com.phonegap.plugins.facebookconnect\geotrail-FacebookLib\AndroidManifest.xml:18:1-21:12
INJECTED from com.phonegap.plugins.facebookconnect\geotrail-FacebookLib\AndroidManifest.xml:18:1-21:12
	package
		ADDED from com.phonegap.plugins.facebookconnect\geotrail-FacebookLib\AndroidManifest.xml:19:7-37
		INJECTED from com.phonegap.plugins.facebookconnect\geotrail-FacebookLib\AndroidManifest.xml
		INJECTED from com.phonegap.plugins.facebookconnect\geotrail-FacebookLib\AndroidManifest.xml
	xmlns:android
		ADDED from com.phonegap.plugins.facebookconnect\geotrail-FacebookLib\AndroidManifest.xml:18:11-69
application
ADDED from com.phonegap.plugins.facebookconnect\geotrail-FacebookLib\AndroidManifest.xml:20:5-19
uses-sdk
INJECTED from com.phonegap.plugins.facebookconnect\geotrail-FacebookLib\AndroidManifest.xml reason: use-sdk injection requested
INJECTED from com.phonegap.plugins.facebookconnect\geotrail-FacebookLib\AndroidManifest.xml
INJECTED from com.phonegap.plugins.facebookconnect\geotrail-FacebookLib\AndroidManifest.xml
INJECTED from com.phonegap.plugins.facebookconnect\geotrail-FacebookLib\AndroidManifest.xml
INJECTED from com.phonegap.plugins.facebookconnect\geotrail-FacebookLib\AndroidManifest.xml
	android:targetSdkVersion
		INJECTED from com.phonegap.plugins.facebookconnect\geotrail-FacebookLib\AndroidManifest.xml
		ADDED from com.phonegap.plugins.facebookconnect\geotrail-FacebookLib\AndroidManifest.xml
		INJECTED from com.phonegap.plugins.facebookconnect\geotrail-FacebookLib\AndroidManifest.xml
	android:minSdkVersion
		INJECTED from com.phonegap.plugins.facebookconnect\geotrail-FacebookLib\AndroidManifest.xml
		ADDED from com.phonegap.plugins.facebookconnect\geotrail-FacebookLib\AndroidManifest.xml
		INJECTED from com.phonegap.plugins.facebookconnect\geotrail-FacebookLib\AndroidManifest.xml